l:\repositories\git\doom-3-bfg\build\win32\debug\intermediate\timidity\filter.obj
l:\repositories\git\doom-3-bfg\build\win32\debug\intermediate\timidity\tables.obj
l:\repositories\git\doom-3-bfg\build\win32\debug\intermediate\timidity\common.obj
l:\repositories\git\doom-3-bfg\build\win32\debug\intermediate\timidity\controls.obj
l:\repositories\git\doom-3-bfg\build\win32\debug\intermediate\timidity\resample.obj
l:\repositories\git\doom-3-bfg\build\win32\debug\intermediate\timidity\readmidi.obj
l:\repositories\git\doom-3-bfg\build\win32\debug\intermediate\timidity\playmidi.obj
l:\repositories\git\doom-3-bfg\build\win32\debug\intermediate\timidity\timidity.obj
l:\repositories\git\doom-3-bfg\build\win32\debug\intermediate\timidity\output.obj
l:\repositories\git\doom-3-bfg\build\win32\debug\intermediate\timidity\sdl_a.obj
l:\repositories\git\doom-3-bfg\build\win32\debug\intermediate\timidity\instrum.obj
l:\repositories\git\doom-3-bfg\build\win32\debug\intermediate\timidity\mix.obj
l:\repositories\git\doom-3-bfg\build\win32\debug\intermediate\timidity\sdl_c.obj
l:\repositories\git\doom-3-bfg\build\win32\debug\intermediate\timidity\timidity.pdb
l:\repositories\git\doom-3-bfg\build\win32\debug\timidity.lib
l:\repositories\git\doom-3-bfg\build\win32\debug\intermediate\timidity\timidity.idb
l:\repositories\git\doom-3-bfg\neo\..\build\win32\debug\timidity.pdb
l:\repositories\git\doom-3-bfg\neo\..\build\win32\debug\timidity.lib
l:\repositories\git\doom-3-bfg\build\win32\debug\intermediate\timidity\timidity.tlog\cl.command.1.tlog
l:\repositories\git\doom-3-bfg\build\win32\debug\intermediate\timidity\timidity.tlog\cl.read.1.tlog
l:\repositories\git\doom-3-bfg\build\win32\debug\intermediate\timidity\timidity.tlog\cl.write.1.tlog
l:\repositories\git\doom-3-bfg\build\win32\debug\intermediate\timidity\timidity.tlog\lib-link.read.1.tlog
l:\repositories\git\doom-3-bfg\build\win32\debug\intermediate\timidity\timidity.tlog\lib-link.write.1.tlog
l:\repositories\git\doom-3-bfg\build\win32\debug\intermediate\timidity\timidity.tlog\lib.command.1.tlog
