  am_map.cpp
  doominterface.cpp
  doomlib.cpp
  dstrings.cpp
  d_items.cpp
  d_main.cpp
  d_net.cpp
  f_finale.cpp
c:\program files (x86)\microsoft visual studio 14.0\vc\include\codeanalysis\sourceannotations.h(68): warning C4467: usage of ATL attributes is deprecated (compiling source file doom\doomlib.cpp)
c:\program files (x86)\microsoft visual studio 14.0\vc\include\codeanalysis\sourceannotations.h(68): warning C4467: usage of ATL attributes is deprecated (compiling source file doom\doominterface.cpp)
c:\program files (x86)\microsoft visual studio 14.0\vc\include\codeanalysis\sourceannotations.h(68): warning C4467: usage of ATL attributes is deprecated (compiling source file doom\dstrings.cpp)
c:\program files (x86)\microsoft visual studio 14.0\vc\include\codeanalysis\sourceannotations.h(68): warning C4467: usage of ATL attributes is deprecated (compiling source file doom\am_map.cpp)
c:\program files (x86)\microsoft visual studio 14.0\vc\include\codeanalysis\sourceannotations.h(68): warning C4467: usage of ATL attributes is deprecated (compiling source file doom\d_main.cpp)
c:\program files (x86)\microsoft visual studio 14.0\vc\include\codeanalysis\sourceannotations.h(68): warning C4467: usage of ATL attributes is deprecated (compiling source file doom\f_finale.cpp)
c:\program files (x86)\microsoft visual studio 14.0\vc\include\codeanalysis\sourceannotations.h(68): warning C4467: usage of ATL attributes is deprecated (compiling source file doom\d_net.cpp)
c:\program files (x86)\microsoft visual studio 14.0\vc\include\codeanalysis\sourceannotations.h(68): warning C4467: usage of ATL attributes is deprecated (compiling source file doom\d_items.cpp)
l:\repositories\git\doom-3-bfg\neo\idlib\heap.h(61): warning C4595: 'operator new': non-member operator new or delete functions may not be declared inline (compiling source file doom\doomlib.cpp)
l:\repositories\git\doom-3-bfg\neo\idlib\heap.h(64): warning C4595: 'operator delete': non-member operator new or delete functions may not be declared inline (compiling source file doom\doomlib.cpp)
l:\repositories\git\doom-3-bfg\neo\idlib\heap.h(67): warning C4595: 'operator new[]': non-member operator new or delete functions may not be declared inline (compiling source file doom\doomlib.cpp)
l:\repositories\git\doom-3-bfg\neo\idlib\heap.h(70): warning C4595: 'operator delete[]': non-member operator new or delete functions may not be declared inline (compiling source file doom\doomlib.cpp)
l:\repositories\git\doom-3-bfg\neo\idlib\heap.h(61): warning C4595: 'operator new': non-member operator new or delete functions may not be declared inline (compiling source file doom\am_map.cpp)
l:\repositories\git\doom-3-bfg\neo\idlib\heap.h(61): warning C4595: 'operator new': non-member operator new or delete functions may not be declared inline (compiling source file doom\doominterface.cpp)
l:\repositories\git\doom-3-bfg\neo\idlib\heap.h(64): warning C4595: 'operator delete': non-member operator new or delete functions may not be declared inline (compiling source file doom\am_map.cpp)
l:\repositories\git\doom-3-bfg\neo\idlib\heap.h(64): warning C4595: 'operator delete': non-member operator new or delete functions may not be declared inline (compiling source file doom\doominterface.cpp)
l:\repositories\git\doom-3-bfg\neo\idlib\heap.h(67): warning C4595: 'operator new[]': non-member operator new or delete functions may not be declared inline (compiling source file doom\am_map.cpp)
l:\repositories\git\doom-3-bfg\neo\idlib\heap.h(67): warning C4595: 'operator new[]': non-member operator new or delete functions may not be declared inline (compiling source file doom\doominterface.cpp)
l:\repositories\git\doom-3-bfg\neo\idlib\heap.h(70): warning C4595: 'operator delete[]': non-member operator new or delete functions may not be declared inline (compiling source file doom\am_map.cpp)
l:\repositories\git\doom-3-bfg\neo\idlib\heap.h(70): warning C4595: 'operator delete[]': non-member operator new or delete functions may not be declared inline (compiling source file doom\doominterface.cpp)
l:\repositories\git\doom-3-bfg\neo\idlib\heap.h(61): warning C4595: 'operator new': non-member operator new or delete functions may not be declared inline (compiling source file doom\dstrings.cpp)
l:\repositories\git\doom-3-bfg\neo\idlib\heap.h(64): warning C4595: 'operator delete': non-member operator new or delete functions may not be declared inline (compiling source file doom\dstrings.cpp)
l:\repositories\git\doom-3-bfg\neo\idlib\heap.h(67): warning C4595: 'operator new[]': non-member operator new or delete functions may not be declared inline (compiling source file doom\dstrings.cpp)
l:\repositories\git\doom-3-bfg\neo\idlib\heap.h(70): warning C4595: 'operator delete[]': non-member operator new or delete functions may not be declared inline (compiling source file doom\dstrings.cpp)
l:\repositories\git\doom-3-bfg\neo\idlib\heap.h(61): warning C4595: 'operator new': non-member operator new or delete functions may not be declared inline (compiling source file doom\d_main.cpp)
l:\repositories\git\doom-3-bfg\neo\idlib\heap.h(64): warning C4595: 'operator delete': non-member operator new or delete functions may not be declared inline (compiling source file doom\d_main.cpp)
l:\repositories\git\doom-3-bfg\neo\idlib\heap.h(67): warning C4595: 'operator new[]': non-member operator new or delete functions may not be declared inline (compiling source file doom\d_main.cpp)
l:\repositories\git\doom-3-bfg\neo\idlib\heap.h(70): warning C4595: 'operator delete[]': non-member operator new or delete functions may not be declared inline (compiling source file doom\d_main.cpp)
l:\repositories\git\doom-3-bfg\neo\idlib\heap.h(61): warning C4595: 'operator new': non-member operator new or delete functions may not be declared inline (compiling source file doom\f_finale.cpp)
l:\repositories\git\doom-3-bfg\neo\idlib\heap.h(64): warning C4595: 'operator delete': non-member operator new or delete functions may not be declared inline (compiling source file doom\f_finale.cpp)
l:\repositories\git\doom-3-bfg\neo\idlib\heap.h(67): warning C4595: 'operator new[]': non-member operator new or delete functions may not be declared inline (compiling source file doom\f_finale.cpp)
l:\repositories\git\doom-3-bfg\neo\idlib\heap.h(70): warning C4595: 'operator delete[]': non-member operator new or delete functions may not be declared inline (compiling source file doom\f_finale.cpp)
l:\repositories\git\doom-3-bfg\neo\idlib\heap.h(61): warning C4595: 'operator new': non-member operator new or delete functions may not be declared inline (compiling source file doom\d_net.cpp)
l:\repositories\git\doom-3-bfg\neo\idlib\heap.h(64): warning C4595: 'operator delete': non-member operator new or delete functions may not be declared inline (compiling source file doom\d_net.cpp)
l:\repositories\git\doom-3-bfg\neo\idlib\heap.h(67): warning C4595: 'operator new[]': non-member operator new or delete functions may not be declared inline (compiling source file doom\d_net.cpp)
l:\repositories\git\doom-3-bfg\neo\idlib\heap.h(70): warning C4595: 'operator delete[]': non-member operator new or delete functions may not be declared inline (compiling source file doom\d_net.cpp)
l:\repositories\git\doom-3-bfg\neo\idlib\heap.h(61): warning C4595: 'operator new': non-member operator new or delete functions may not be declared inline (compiling source file doom\d_items.cpp)
l:\repositories\git\doom-3-bfg\neo\idlib\heap.h(64): warning C4595: 'operator delete': non-member operator new or delete functions may not be declared inline (compiling source file doom\d_items.cpp)
l:\repositories\git\doom-3-bfg\neo\idlib\heap.h(67): warning C4595: 'operator new[]': non-member operator new or delete functions may not be declared inline (compiling source file doom\d_items.cpp)
l:\repositories\git\doom-3-bfg\neo\idlib\heap.h(70): warning C4595: 'operator delete[]': non-member operator new or delete functions may not be declared inline (compiling source file doom\d_items.cpp)
  f_wipe.cpp
  globaldata.cpp
  g_game.cpp
c:\program files (x86)\microsoft visual studio 14.0\vc\include\codeanalysis\sourceannotations.h(68): warning C4467: usage of ATL attributes is deprecated (compiling source file doom\f_wipe.cpp)
c:\program files (x86)\microsoft visual studio 14.0\vc\include\codeanalysis\sourceannotations.h(68): warning C4467: usage of ATL attributes is deprecated (compiling source file doom\globaldata.cpp)
c:\program files (x86)\microsoft visual studio 14.0\vc\include\codeanalysis\sourceannotations.h(68): warning C4467: usage of ATL attributes is deprecated (compiling source file doom\g_game.cpp)
  hu_lib.cpp
c:\program files (x86)\microsoft visual studio 14.0\vc\include\codeanalysis\sourceannotations.h(68): warning C4467: usage of ATL attributes is deprecated (compiling source file doom\hu_lib.cpp)
  hu_stuff.cpp
c:\program files (x86)\microsoft visual studio 14.0\vc\include\codeanalysis\sourceannotations.h(68): warning C4467: usage of ATL attributes is deprecated (compiling source file doom\hu_stuff.cpp)
l:\repositories\git\doom-3-bfg\doomclassic\doom\d_main.cpp(848): error C3688: invalid literal suffix 'SAVEGAMENAME'; literal operator or literal operator template 'operator ""SAVEGAMENAME' not found
l:\repositories\git\doom-3-bfg\doomclassic\doom\d_main.cpp(848): error C2665: 'sprintf': none of the 2 overloads could convert all the argument types
  l:\repositories\git\doom-3-bfg\neo\idlib\str.h(327): note: could be 'int sprintf(idStr &,const char *,...)' (compiling source file doom\d_main.cpp)
  c:\program files (x86)\windows kits\10\include\10.0.10240.0\ucrt\stdio.h(1769): note: or       'int sprintf(char *const ,const char *const ,...)' (compiling source file doom\d_main.cpp)
  l:\repositories\git\doom-3-bfg\doomclassic\doom\d_main.cpp(848): note: while trying to match the argument list '(char [256], char)'
  info.cpp
c:\program files (x86)\microsoft visual studio 14.0\vc\include\codeanalysis\sourceannotations.h(68): warning C4467: usage of ATL attributes is deprecated (compiling source file doom\info.cpp)
l:\repositories\git\doom-3-bfg\neo\idlib\heap.h(61): warning C4595: 'operator new': non-member operator new or delete functions may not be declared inline (compiling source file doom\f_wipe.cpp)
l:\repositories\git\doom-3-bfg\neo\idlib\heap.h(64): warning C4595: 'operator delete': non-member operator new or delete functions may not be declared inline (compiling source file doom\f_wipe.cpp)
l:\repositories\git\doom-3-bfg\neo\idlib\heap.h(67): warning C4595: 'operator new[]': non-member operator new or delete functions may not be declared inline (compiling source file doom\f_wipe.cpp)
l:\repositories\git\doom-3-bfg\neo\idlib\heap.h(70): warning C4595: 'operator delete[]': non-member operator new or delete functions may not be declared inline (compiling source file doom\f_wipe.cpp)
l:\repositories\git\doom-3-bfg\neo\idlib\heap.h(61): warning C4595: 'operator new': non-member operator new or delete functions may not be declared inline (compiling source file doom\globaldata.cpp)
l:\repositories\git\doom-3-bfg\neo\idlib\heap.h(64): warning C4595: 'operator delete': non-member operator new or delete functions may not be declared inline (compiling source file doom\globaldata.cpp)
l:\repositories\git\doom-3-bfg\neo\idlib\heap.h(67): warning C4595: 'operator new[]': non-member operator new or delete functions may not be declared inline (compiling source file doom\globaldata.cpp)
l:\repositories\git\doom-3-bfg\neo\idlib\heap.h(70): warning C4595: 'operator delete[]': non-member operator new or delete functions may not be declared inline (compiling source file doom\globaldata.cpp)
l:\repositories\git\doom-3-bfg\neo\idlib\heap.h(61): warning C4595: 'operator new': non-member operator new or delete functions may not be declared inline (compiling source file doom\g_game.cpp)
l:\repositories\git\doom-3-bfg\neo\idlib\heap.h(64): warning C4595: 'operator delete': non-member operator new or delete functions may not be declared inline (compiling source file doom\g_game.cpp)
l:\repositories\git\doom-3-bfg\neo\idlib\heap.h(67): warning C4595: 'operator new[]': non-member operator new or delete functions may not be declared inline (compiling source file doom\g_game.cpp)
l:\repositories\git\doom-3-bfg\neo\idlib\heap.h(70): warning C4595: 'operator delete[]': non-member operator new or delete functions may not be declared inline (compiling source file doom\g_game.cpp)
l:\repositories\git\doom-3-bfg\neo\idlib\heap.h(61): warning C4595: 'operator new': non-member operator new or delete functions may not be declared inline (compiling source file doom\hu_lib.cpp)
l:\repositories\git\doom-3-bfg\neo\idlib\heap.h(64): warning C4595: 'operator delete': non-member operator new or delete functions may not be declared inline (compiling source file doom\hu_lib.cpp)
l:\repositories\git\doom-3-bfg\neo\idlib\heap.h(67): warning C4595: 'operator new[]': non-member operator new or delete functions may not be declared inline (compiling source file doom\hu_lib.cpp)
l:\repositories\git\doom-3-bfg\neo\idlib\heap.h(70): warning C4595: 'operator delete[]': non-member operator new or delete functions may not be declared inline (compiling source file doom\hu_lib.cpp)
l:\repositories\git\doom-3-bfg\neo\idlib\heap.h(61): warning C4595: 'operator new': non-member operator new or delete functions may not be declared inline (compiling source file doom\hu_stuff.cpp)
l:\repositories\git\doom-3-bfg\neo\idlib\heap.h(64): warning C4595: 'operator delete': non-member operator new or delete functions may not be declared inline (compiling source file doom\hu_stuff.cpp)
l:\repositories\git\doom-3-bfg\neo\idlib\heap.h(67): warning C4595: 'operator new[]': non-member operator new or delete functions may not be declared inline (compiling source file doom\hu_stuff.cpp)
l:\repositories\git\doom-3-bfg\neo\idlib\heap.h(70): warning C4595: 'operator delete[]': non-member operator new or delete functions may not be declared inline (compiling source file doom\hu_stuff.cpp)
l:\repositories\git\doom-3-bfg\neo\idlib\heap.h(61): warning C4595: 'operator new': non-member operator new or delete functions may not be declared inline (compiling source file doom\info.cpp)
l:\repositories\git\doom-3-bfg\neo\idlib\heap.h(64): warning C4595: 'operator delete': non-member operator new or delete functions may not be declared inline (compiling source file doom\info.cpp)
l:\repositories\git\doom-3-bfg\neo\idlib\heap.h(67): warning C4595: 'operator new[]': non-member operator new or delete functions may not be declared inline (compiling source file doom\info.cpp)
l:\repositories\git\doom-3-bfg\neo\idlib\heap.h(70): warning C4595: 'operator delete[]': non-member operator new or delete functions may not be declared inline (compiling source file doom\info.cpp)
  i_input.cpp
  i_net_win32.cpp
c:\program files (x86)\microsoft visual studio 14.0\vc\include\codeanalysis\sourceannotations.h(68): warning C4467: usage of ATL attributes is deprecated (compiling source file doom\i_input.cpp)
c:\program files (x86)\microsoft visual studio 14.0\vc\include\codeanalysis\sourceannotations.h(68): warning C4467: usage of ATL attributes is deprecated (compiling source file doom\i_net_win32.cpp)
l:\repositories\git\doom-3-bfg\neo\idlib\heap.h(61): warning C4595: 'operator new': non-member operator new or delete functions may not be declared inline (compiling source file doom\i_net_win32.cpp)
l:\repositories\git\doom-3-bfg\neo\idlib\heap.h(61): warning C4595: 'operator new': non-member operator new or delete functions may not be declared inline (compiling source file doom\i_input.cpp)
l:\repositories\git\doom-3-bfg\neo\idlib\heap.h(64): warning C4595: 'operator delete': non-member operator new or delete functions may not be declared inline (compiling source file doom\i_net_win32.cpp)
l:\repositories\git\doom-3-bfg\neo\idlib\heap.h(64): warning C4595: 'operator delete': non-member operator new or delete functions may not be declared inline (compiling source file doom\i_input.cpp)
l:\repositories\git\doom-3-bfg\neo\idlib\heap.h(67): warning C4595: 'operator new[]': non-member operator new or delete functions may not be declared inline (compiling source file doom\i_net_win32.cpp)
l:\repositories\git\doom-3-bfg\neo\idlib\heap.h(67): warning C4595: 'operator new[]': non-member operator new or delete functions may not be declared inline (compiling source file doom\i_input.cpp)
l:\repositories\git\doom-3-bfg\neo\idlib\heap.h(70): warning C4595: 'operator delete[]': non-member operator new or delete functions may not be declared inline (compiling source file doom\i_net_win32.cpp)
l:\repositories\git\doom-3-bfg\neo\idlib\heap.h(70): warning C4595: 'operator delete[]': non-member operator new or delete functions may not be declared inline (compiling source file doom\i_input.cpp)
  i_sound_win32.cpp
  i_system.cpp
c:\program files (x86)\microsoft visual studio 14.0\vc\include\codeanalysis\sourceannotations.h(68): warning C4467: usage of ATL attributes is deprecated (compiling source file doom\i_sound_win32.cpp)
c:\program files (x86)\microsoft visual studio 14.0\vc\include\codeanalysis\sourceannotations.h(68): warning C4467: usage of ATL attributes is deprecated (compiling source file doom\i_system.cpp)
  i_video_ps3.cpp
c:\program files (x86)\microsoft visual studio 14.0\vc\include\codeanalysis\sourceannotations.h(68): warning C4467: usage of ATL attributes is deprecated (compiling source file doom\i_video_ps3.cpp)
  mus2midi.cpp
c:\program files (x86)\microsoft visual studio 14.0\vc\include\codeanalysis\sourceannotations.h(68): warning C4467: usage of ATL attributes is deprecated (compiling source file doom\mus2midi.cpp)
  m_argv.cpp
c:\program files (x86)\microsoft visual studio 14.0\vc\include\codeanalysis\sourceannotations.h(68): warning C4467: usage of ATL attributes is deprecated (compiling source file doom\m_argv.cpp)
l:\repositories\git\doom-3-bfg\neo\idlib\heap.h(61): warning C4595: 'operator new': non-member operator new or delete functions may not be declared inline (compiling source file doom\i_sound_win32.cpp)
l:\repositories\git\doom-3-bfg\neo\idlib\heap.h(64): warning C4595: 'operator delete': non-member operator new or delete functions may not be declared inline (compiling source file doom\i_sound_win32.cpp)
l:\repositories\git\doom-3-bfg\neo\idlib\heap.h(67): warning C4595: 'operator new[]': non-member operator new or delete functions may not be declared inline (compiling source file doom\i_sound_win32.cpp)
l:\repositories\git\doom-3-bfg\neo\idlib\heap.h(70): warning C4595: 'operator delete[]': non-member operator new or delete functions may not be declared inline (compiling source file doom\i_sound_win32.cpp)
l:\repositories\git\doom-3-bfg\neo\idlib\heap.h(61): warning C4595: 'operator new': non-member operator new or delete functions may not be declared inline (compiling source file doom\i_system.cpp)
l:\repositories\git\doom-3-bfg\neo\idlib\heap.h(64): warning C4595: 'operator delete': non-member operator new or delete functions may not be declared inline (compiling source file doom\i_system.cpp)
l:\repositories\git\doom-3-bfg\neo\idlib\heap.h(67): warning C4595: 'operator new[]': non-member operator new or delete functions may not be declared inline (compiling source file doom\i_system.cpp)
l:\repositories\git\doom-3-bfg\neo\idlib\heap.h(70): warning C4595: 'operator delete[]': non-member operator new or delete functions may not be declared inline (compiling source file doom\i_system.cpp)
l:\repositories\git\doom-3-bfg\neo\idlib\heap.h(61): warning C4595: 'operator new': non-member operator new or delete functions may not be declared inline (compiling source file doom\i_video_ps3.cpp)
l:\repositories\git\doom-3-bfg\neo\idlib\heap.h(64): warning C4595: 'operator delete': non-member operator new or delete functions may not be declared inline (compiling source file doom\i_video_ps3.cpp)
l:\repositories\git\doom-3-bfg\neo\idlib\heap.h(67): warning C4595: 'operator new[]': non-member operator new or delete functions may not be declared inline (compiling source file doom\i_video_ps3.cpp)
l:\repositories\git\doom-3-bfg\neo\idlib\heap.h(70): warning C4595: 'operator delete[]': non-member operator new or delete functions may not be declared inline (compiling source file doom\i_video_ps3.cpp)
l:\repositories\git\doom-3-bfg\neo\idlib\heap.h(61): warning C4595: 'operator new': non-member operator new or delete functions may not be declared inline (compiling source file doom\mus2midi.cpp)
l:\repositories\git\doom-3-bfg\neo\idlib\heap.h(64): warning C4595: 'operator delete': non-member operator new or delete functions may not be declared inline (compiling source file doom\mus2midi.cpp)
l:\repositories\git\doom-3-bfg\neo\idlib\heap.h(67): warning C4595: 'operator new[]': non-member operator new or delete functions may not be declared inline (compiling source file doom\mus2midi.cpp)
l:\repositories\git\doom-3-bfg\neo\idlib\heap.h(70): warning C4595: 'operator delete[]': non-member operator new or delete functions may not be declared inline (compiling source file doom\mus2midi.cpp)
  m_bbox.cpp
l:\repositories\git\doom-3-bfg\neo\idlib\heap.h(61): warning C4595: 'operator new': non-member operator new or delete functions may not be declared inline (compiling source file doom\m_argv.cpp)
l:\repositories\git\doom-3-bfg\neo\idlib\heap.h(64): warning C4595: 'operator delete': non-member operator new or delete functions may not be declared inline (compiling source file doom\m_argv.cpp)
l:\repositories\git\doom-3-bfg\neo\idlib\heap.h(67): warning C4595: 'operator new[]': non-member operator new or delete functions may not be declared inline (compiling source file doom\m_argv.cpp)
l:\repositories\git\doom-3-bfg\neo\idlib\heap.h(70): warning C4595: 'operator delete[]': non-member operator new or delete functions may not be declared inline (compiling source file doom\m_argv.cpp)
c:\program files (x86)\microsoft visual studio 14.0\vc\include\codeanalysis\sourceannotations.h(68): warning C4467: usage of ATL attributes is deprecated (compiling source file doom\m_bbox.cpp)
  m_cheat.cpp
  m_fixed.cpp
c:\program files (x86)\microsoft visual studio 14.0\vc\include\codeanalysis\sourceannotations.h(68): warning C4467: usage of ATL attributes is deprecated (compiling source file doom\m_cheat.cpp)
c:\program files (x86)\microsoft visual studio 14.0\vc\include\codeanalysis\sourceannotations.h(68): warning C4467: usage of ATL attributes is deprecated (compiling source file doom\m_fixed.cpp)
l:\repositories\git\doom-3-bfg\neo\idlib\heap.h(61): warning C4595: 'operator new': non-member operator new or delete functions may not be declared inline (compiling source file doom\m_bbox.cpp)
l:\repositories\git\doom-3-bfg\neo\idlib\heap.h(64): warning C4595: 'operator delete': non-member operator new or delete functions may not be declared inline (compiling source file doom\m_bbox.cpp)
l:\repositories\git\doom-3-bfg\neo\idlib\heap.h(67): warning C4595: 'operator new[]': non-member operator new or delete functions may not be declared inline (compiling source file doom\m_bbox.cpp)
l:\repositories\git\doom-3-bfg\neo\idlib\heap.h(70): warning C4595: 'operator delete[]': non-member operator new or delete functions may not be declared inline (compiling source file doom\m_bbox.cpp)
l:\repositories\git\doom-3-bfg\neo\sound\snd_local.h(85): fatal error C1083: Cannot open include file: 'dxsdkver.h': No such file or directory (compiling source file doom\i_sound_win32.cpp)
  m_menu.cpp
c:\program files (x86)\microsoft visual studio 14.0\vc\include\codeanalysis\sourceannotations.h(68): warning C4467: usage of ATL attributes is deprecated (compiling source file doom\m_menu.cpp)
l:\repositories\git\doom-3-bfg\neo\idlib\heap.h(61): warning C4595: 'operator new': non-member operator new or delete functions may not be declared inline (compiling source file doom\m_cheat.cpp)
l:\repositories\git\doom-3-bfg\neo\idlib\heap.h(64): warning C4595: 'operator delete': non-member operator new or delete functions may not be declared inline (compiling source file doom\m_cheat.cpp)
l:\repositories\git\doom-3-bfg\neo\idlib\heap.h(67): warning C4595: 'operator new[]': non-member operator new or delete functions may not be declared inline (compiling source file doom\m_cheat.cpp)
l:\repositories\git\doom-3-bfg\neo\idlib\heap.h(70): warning C4595: 'operator delete[]': non-member operator new or delete functions may not be declared inline (compiling source file doom\m_cheat.cpp)
l:\repositories\git\doom-3-bfg\neo\idlib\heap.h(61): warning C4595: 'operator new': non-member operator new or delete functions may not be declared inline (compiling source file doom\m_fixed.cpp)
l:\repositories\git\doom-3-bfg\neo\idlib\heap.h(64): warning C4595: 'operator delete': non-member operator new or delete functions may not be declared inline (compiling source file doom\m_fixed.cpp)
l:\repositories\git\doom-3-bfg\neo\idlib\heap.h(67): warning C4595: 'operator new[]': non-member operator new or delete functions may not be declared inline (compiling source file doom\m_fixed.cpp)
l:\repositories\git\doom-3-bfg\neo\idlib\heap.h(70): warning C4595: 'operator delete[]': non-member operator new or delete functions may not be declared inline (compiling source file doom\m_fixed.cpp)
  m_misc.cpp
c:\program files (x86)\microsoft visual studio 14.0\vc\include\codeanalysis\sourceannotations.h(68): warning C4467: usage of ATL attributes is deprecated (compiling source file doom\m_misc.cpp)
  m_random.cpp
c:\program files (x86)\microsoft visual studio 14.0\vc\include\codeanalysis\sourceannotations.h(68): warning C4467: usage of ATL attributes is deprecated (compiling source file doom\m_random.cpp)
  p_ceilng.cpp
c:\program files (x86)\microsoft visual studio 14.0\vc\include\codeanalysis\sourceannotations.h(68): warning C4467: usage of ATL attributes is deprecated (compiling source file doom\p_ceilng.cpp)
l:\repositories\git\doom-3-bfg\neo\idlib\heap.h(61): warning C4595: 'operator new': non-member operator new or delete functions may not be declared inline (compiling source file doom\m_menu.cpp)
l:\repositories\git\doom-3-bfg\neo\idlib\heap.h(64): warning C4595: 'operator delete': non-member operator new or delete functions may not be declared inline (compiling source file doom\m_menu.cpp)
l:\repositories\git\doom-3-bfg\neo\idlib\heap.h(67): warning C4595: 'operator new[]': non-member operator new or delete functions may not be declared inline (compiling source file doom\m_menu.cpp)
l:\repositories\git\doom-3-bfg\neo\idlib\heap.h(70): warning C4595: 'operator delete[]': non-member operator new or delete functions may not be declared inline (compiling source file doom\m_menu.cpp)
  p_doors.cpp
c:\program files (x86)\microsoft visual studio 14.0\vc\include\codeanalysis\sourceannotations.h(68): warning C4467: usage of ATL attributes is deprecated (compiling source file doom\p_doors.cpp)
l:\repositories\git\doom-3-bfg\neo\idlib\heap.h(61): warning C4595: 'operator new': non-member operator new or delete functions may not be declared inline (compiling source file doom\m_misc.cpp)
l:\repositories\git\doom-3-bfg\neo\idlib\heap.h(64): warning C4595: 'operator delete': non-member operator new or delete functions may not be declared inline (compiling source file doom\m_misc.cpp)
l:\repositories\git\doom-3-bfg\neo\idlib\heap.h(67): warning C4595: 'operator new[]': non-member operator new or delete functions may not be declared inline (compiling source file doom\m_misc.cpp)
l:\repositories\git\doom-3-bfg\neo\idlib\heap.h(70): warning C4595: 'operator delete[]': non-member operator new or delete functions may not be declared inline (compiling source file doom\m_misc.cpp)
l:\repositories\git\doom-3-bfg\neo\idlib\heap.h(61): warning C4595: 'operator new': non-member operator new or delete functions may not be declared inline (compiling source file doom\m_random.cpp)
l:\repositories\git\doom-3-bfg\neo\idlib\heap.h(64): warning C4595: 'operator delete': non-member operator new or delete functions may not be declared inline (compiling source file doom\m_random.cpp)
l:\repositories\git\doom-3-bfg\neo\idlib\heap.h(67): warning C4595: 'operator new[]': non-member operator new or delete functions may not be declared inline (compiling source file doom\m_random.cpp)
l:\repositories\git\doom-3-bfg\neo\idlib\heap.h(70): warning C4595: 'operator delete[]': non-member operator new or delete functions may not be declared inline (compiling source file doom\m_random.cpp)
l:\repositories\git\doom-3-bfg\neo\idlib\heap.h(61): warning C4595: 'operator new': non-member operator new or delete functions may not be declared inline (compiling source file doom\p_ceilng.cpp)
l:\repositories\git\doom-3-bfg\neo\idlib\heap.h(64): warning C4595: 'operator delete': non-member operator new or delete functions may not be declared inline (compiling source file doom\p_ceilng.cpp)
l:\repositories\git\doom-3-bfg\neo\idlib\heap.h(67): warning C4595: 'operator new[]': non-member operator new or delete functions may not be declared inline (compiling source file doom\p_ceilng.cpp)
l:\repositories\git\doom-3-bfg\neo\idlib\heap.h(70): warning C4595: 'operator delete[]': non-member operator new or delete functions may not be declared inline (compiling source file doom\p_ceilng.cpp)
  p_enemy.cpp
l:\repositories\git\doom-3-bfg\neo\idlib\heap.h(61): warning C4595: 'operator new': non-member operator new or delete functions may not be declared inline (compiling source file doom\p_doors.cpp)
l:\repositories\git\doom-3-bfg\neo\idlib\heap.h(64): warning C4595: 'operator delete': non-member operator new or delete functions may not be declared inline (compiling source file doom\p_doors.cpp)
l:\repositories\git\doom-3-bfg\neo\idlib\heap.h(67): warning C4595: 'operator new[]': non-member operator new or delete functions may not be declared inline (compiling source file doom\p_doors.cpp)
l:\repositories\git\doom-3-bfg\neo\idlib\heap.h(70): warning C4595: 'operator delete[]': non-member operator new or delete functions may not be declared inline (compiling source file doom\p_doors.cpp)
c:\program files (x86)\microsoft visual studio 14.0\vc\include\codeanalysis\sourceannotations.h(68): warning C4467: usage of ATL attributes is deprecated (compiling source file doom\p_enemy.cpp)
  p_floor.cpp
  p_inter.cpp
c:\program files (x86)\microsoft visual studio 14.0\vc\include\codeanalysis\sourceannotations.h(68): warning C4467: usage of ATL attributes is deprecated (compiling source file doom\p_floor.cpp)
c:\program files (x86)\microsoft visual studio 14.0\vc\include\codeanalysis\sourceannotations.h(68): warning C4467: usage of ATL attributes is deprecated (compiling source file doom\p_inter.cpp)
l:\repositories\git\doom-3-bfg\neo\idlib\heap.h(61): warning C4595: 'operator new': non-member operator new or delete functions may not be declared inline (compiling source file doom\p_enemy.cpp)
l:\repositories\git\doom-3-bfg\neo\idlib\heap.h(64): warning C4595: 'operator delete': non-member operator new or delete functions may not be declared inline (compiling source file doom\p_enemy.cpp)
l:\repositories\git\doom-3-bfg\neo\idlib\heap.h(67): warning C4595: 'operator new[]': non-member operator new or delete functions may not be declared inline (compiling source file doom\p_enemy.cpp)
l:\repositories\git\doom-3-bfg\neo\idlib\heap.h(70): warning C4595: 'operator delete[]': non-member operator new or delete functions may not be declared inline (compiling source file doom\p_enemy.cpp)
l:\repositories\git\doom-3-bfg\neo\idlib\heap.h(61): warning C4595: 'operator new': non-member operator new or delete functions may not be declared inline (compiling source file doom\p_floor.cpp)
l:\repositories\git\doom-3-bfg\neo\idlib\heap.h(64): warning C4595: 'operator delete': non-member operator new or delete functions may not be declared inline (compiling source file doom\p_floor.cpp)
l:\repositories\git\doom-3-bfg\neo\idlib\heap.h(67): warning C4595: 'operator new[]': non-member operator new or delete functions may not be declared inline (compiling source file doom\p_floor.cpp)
l:\repositories\git\doom-3-bfg\neo\idlib\heap.h(70): warning C4595: 'operator delete[]': non-member operator new or delete functions may not be declared inline (compiling source file doom\p_floor.cpp)
l:\repositories\git\doom-3-bfg\neo\idlib\heap.h(61): warning C4595: 'operator new': non-member operator new or delete functions may not be declared inline (compiling source file doom\p_inter.cpp)
l:\repositories\git\doom-3-bfg\neo\idlib\heap.h(64): warning C4595: 'operator delete': non-member operator new or delete functions may not be declared inline (compiling source file doom\p_inter.cpp)
l:\repositories\git\doom-3-bfg\neo\idlib\heap.h(67): warning C4595: 'operator new[]': non-member operator new or delete functions may not be declared inline (compiling source file doom\p_inter.cpp)
l:\repositories\git\doom-3-bfg\neo\idlib\heap.h(70): warning C4595: 'operator delete[]': non-member operator new or delete functions may not be declared inline (compiling source file doom\p_inter.cpp)
  p_lights.cpp
c:\program files (x86)\microsoft visual studio 14.0\vc\include\codeanalysis\sourceannotations.h(68): warning C4467: usage of ATL attributes is deprecated (compiling source file doom\p_lights.cpp)
  p_map.cpp
c:\program files (x86)\microsoft visual studio 14.0\vc\include\codeanalysis\sourceannotations.h(68): warning C4467: usage of ATL attributes is deprecated (compiling source file doom\p_map.cpp)
  p_maputl.cpp
c:\program files (x86)\microsoft visual studio 14.0\vc\include\codeanalysis\sourceannotations.h(68): warning C4467: usage of ATL attributes is deprecated (compiling source file doom\p_maputl.cpp)
  p_mobj.cpp
c:\program files (x86)\microsoft visual studio 14.0\vc\include\codeanalysis\sourceannotations.h(68): warning C4467: usage of ATL attributes is deprecated (compiling source file doom\p_mobj.cpp)
l:\repositories\git\doom-3-bfg\neo\idlib\heap.h(61): warning C4595: 'operator new': non-member operator new or delete functions may not be declared inline (compiling source file doom\p_lights.cpp)
l:\repositories\git\doom-3-bfg\neo\idlib\heap.h(64): warning C4595: 'operator delete': non-member operator new or delete functions may not be declared inline (compiling source file doom\p_lights.cpp)
l:\repositories\git\doom-3-bfg\neo\idlib\heap.h(67): warning C4595: 'operator new[]': non-member operator new or delete functions may not be declared inline (compiling source file doom\p_lights.cpp)
l:\repositories\git\doom-3-bfg\neo\idlib\heap.h(70): warning C4595: 'operator delete[]': non-member operator new or delete functions may not be declared inline (compiling source file doom\p_lights.cpp)
  p_plats.cpp
c:\program files (x86)\microsoft visual studio 14.0\vc\include\codeanalysis\sourceannotations.h(68): warning C4467: usage of ATL attributes is deprecated (compiling source file doom\p_plats.cpp)
l:\repositories\git\doom-3-bfg\neo\idlib\heap.h(61): warning C4595: 'operator new': non-member operator new or delete functions may not be declared inline (compiling source file doom\p_map.cpp)
l:\repositories\git\doom-3-bfg\neo\idlib\heap.h(64): warning C4595: 'operator delete': non-member operator new or delete functions may not be declared inline (compiling source file doom\p_map.cpp)
l:\repositories\git\doom-3-bfg\neo\idlib\heap.h(67): warning C4595: 'operator new[]': non-member operator new or delete functions may not be declared inline (compiling source file doom\p_map.cpp)
l:\repositories\git\doom-3-bfg\neo\idlib\heap.h(70): warning C4595: 'operator delete[]': non-member operator new or delete functions may not be declared inline (compiling source file doom\p_map.cpp)
  p_pspr.cpp
l:\repositories\git\doom-3-bfg\neo\idlib\heap.h(61): warning C4595: 'operator new': non-member operator new or delete functions may not be declared inline (compiling source file doom\p_maputl.cpp)
l:\repositories\git\doom-3-bfg\neo\idlib\heap.h(64): warning C4595: 'operator delete': non-member operator new or delete functions may not be declared inline (compiling source file doom\p_maputl.cpp)
l:\repositories\git\doom-3-bfg\neo\idlib\heap.h(67): warning C4595: 'operator new[]': non-member operator new or delete functions may not be declared inline (compiling source file doom\p_maputl.cpp)
l:\repositories\git\doom-3-bfg\neo\idlib\heap.h(70): warning C4595: 'operator delete[]': non-member operator new or delete functions may not be declared inline (compiling source file doom\p_maputl.cpp)
c:\program files (x86)\microsoft visual studio 14.0\vc\include\codeanalysis\sourceannotations.h(68): warning C4467: usage of ATL attributes is deprecated (compiling source file doom\p_pspr.cpp)
l:\repositories\git\doom-3-bfg\neo\idlib\heap.h(61): warning C4595: 'operator new': non-member operator new or delete functions may not be declared inline (compiling source file doom\p_mobj.cpp)
l:\repositories\git\doom-3-bfg\neo\idlib\heap.h(64): warning C4595: 'operator delete': non-member operator new or delete functions may not be declared inline (compiling source file doom\p_mobj.cpp)
l:\repositories\git\doom-3-bfg\neo\idlib\heap.h(67): warning C4595: 'operator new[]': non-member operator new or delete functions may not be declared inline (compiling source file doom\p_mobj.cpp)
l:\repositories\git\doom-3-bfg\neo\idlib\heap.h(70): warning C4595: 'operator delete[]': non-member operator new or delete functions may not be declared inline (compiling source file doom\p_mobj.cpp)
  p_saveg.cpp
c:\program files (x86)\microsoft visual studio 14.0\vc\include\codeanalysis\sourceannotations.h(68): warning C4467: usage of ATL attributes is deprecated (compiling source file doom\p_saveg.cpp)
l:\repositories\git\doom-3-bfg\neo\idlib\heap.h(61): warning C4595: 'operator new': non-member operator new or delete functions may not be declared inline (compiling source file doom\p_plats.cpp)
l:\repositories\git\doom-3-bfg\neo\idlib\heap.h(64): warning C4595: 'operator delete': non-member operator new or delete functions may not be declared inline (compiling source file doom\p_plats.cpp)
l:\repositories\git\doom-3-bfg\neo\idlib\heap.h(67): warning C4595: 'operator new[]': non-member operator new or delete functions may not be declared inline (compiling source file doom\p_plats.cpp)
l:\repositories\git\doom-3-bfg\neo\idlib\heap.h(70): warning C4595: 'operator delete[]': non-member operator new or delete functions may not be declared inline (compiling source file doom\p_plats.cpp)
l:\repositories\git\doom-3-bfg\neo\idlib\heap.h(61): warning C4595: 'operator new': non-member operator new or delete functions may not be declared inline (compiling source file doom\p_pspr.cpp)
l:\repositories\git\doom-3-bfg\neo\idlib\heap.h(64): warning C4595: 'operator delete': non-member operator new or delete functions may not be declared inline (compiling source file doom\p_pspr.cpp)
l:\repositories\git\doom-3-bfg\neo\idlib\heap.h(67): warning C4595: 'operator new[]': non-member operator new or delete functions may not be declared inline (compiling source file doom\p_pspr.cpp)
l:\repositories\git\doom-3-bfg\neo\idlib\heap.h(70): warning C4595: 'operator delete[]': non-member operator new or delete functions may not be declared inline (compiling source file doom\p_pspr.cpp)
l:\repositories\git\doom-3-bfg\neo\idlib\heap.h(61): warning C4595: 'operator new': non-member operator new or delete functions may not be declared inline (compiling source file doom\p_saveg.cpp)
l:\repositories\git\doom-3-bfg\neo\idlib\heap.h(64): warning C4595: 'operator delete': non-member operator new or delete functions may not be declared inline (compiling source file doom\p_saveg.cpp)
l:\repositories\git\doom-3-bfg\neo\idlib\heap.h(67): warning C4595: 'operator new[]': non-member operator new or delete functions may not be declared inline (compiling source file doom\p_saveg.cpp)
l:\repositories\git\doom-3-bfg\neo\idlib\heap.h(70): warning C4595: 'operator delete[]': non-member operator new or delete functions may not be declared inline (compiling source file doom\p_saveg.cpp)
  p_setup.cpp
c:\program files (x86)\microsoft visual studio 14.0\vc\include\codeanalysis\sourceannotations.h(68): warning C4467: usage of ATL attributes is deprecated (compiling source file doom\p_setup.cpp)
  p_sight.cpp
c:\program files (x86)\microsoft visual studio 14.0\vc\include\codeanalysis\sourceannotations.h(68): warning C4467: usage of ATL attributes is deprecated (compiling source file doom\p_sight.cpp)
  p_spec.cpp
c:\program files (x86)\microsoft visual studio 14.0\vc\include\codeanalysis\sourceannotations.h(68): warning C4467: usage of ATL attributes is deprecated (compiling source file doom\p_spec.cpp)
  p_switch.cpp
  p_telept.cpp
c:\program files (x86)\microsoft visual studio 14.0\vc\include\codeanalysis\sourceannotations.h(68): warning C4467: usage of ATL attributes is deprecated (compiling source file doom\p_switch.cpp)
c:\program files (x86)\microsoft visual studio 14.0\vc\include\codeanalysis\sourceannotations.h(68): warning C4467: usage of ATL attributes is deprecated (compiling source file doom\p_telept.cpp)
l:\repositories\git\doom-3-bfg\neo\idlib\heap.h(61): warning C4595: 'operator new': non-member operator new or delete functions may not be declared inline (compiling source file doom\p_setup.cpp)
l:\repositories\git\doom-3-bfg\neo\idlib\heap.h(64): warning C4595: 'operator delete': non-member operator new or delete functions may not be declared inline (compiling source file doom\p_setup.cpp)
l:\repositories\git\doom-3-bfg\neo\idlib\heap.h(67): warning C4595: 'operator new[]': non-member operator new or delete functions may not be declared inline (compiling source file doom\p_setup.cpp)
l:\repositories\git\doom-3-bfg\neo\idlib\heap.h(70): warning C4595: 'operator delete[]': non-member operator new or delete functions may not be declared inline (compiling source file doom\p_setup.cpp)
l:\repositories\git\doom-3-bfg\neo\idlib\heap.h(61): warning C4595: 'operator new': non-member operator new or delete functions may not be declared inline (compiling source file doom\p_sight.cpp)
l:\repositories\git\doom-3-bfg\neo\idlib\heap.h(64): warning C4595: 'operator delete': non-member operator new or delete functions may not be declared inline (compiling source file doom\p_sight.cpp)
l:\repositories\git\doom-3-bfg\neo\idlib\heap.h(67): warning C4595: 'operator new[]': non-member operator new or delete functions may not be declared inline (compiling source file doom\p_sight.cpp)
l:\repositories\git\doom-3-bfg\neo\idlib\heap.h(70): warning C4595: 'operator delete[]': non-member operator new or delete functions may not be declared inline (compiling source file doom\p_sight.cpp)
  p_tick.cpp
c:\program files (x86)\microsoft visual studio 14.0\vc\include\codeanalysis\sourceannotations.h(68): warning C4467: usage of ATL attributes is deprecated (compiling source file doom\p_tick.cpp)
l:\repositories\git\doom-3-bfg\neo\idlib\heap.h(61): warning C4595: 'operator new': non-member operator new or delete functions may not be declared inline (compiling source file doom\p_spec.cpp)
l:\repositories\git\doom-3-bfg\neo\idlib\heap.h(64): warning C4595: 'operator delete': non-member operator new or delete functions may not be declared inline (compiling source file doom\p_spec.cpp)
l:\repositories\git\doom-3-bfg\neo\idlib\heap.h(67): warning C4595: 'operator new[]': non-member operator new or delete functions may not be declared inline (compiling source file doom\p_spec.cpp)
l:\repositories\git\doom-3-bfg\neo\idlib\heap.h(70): warning C4595: 'operator delete[]': non-member operator new or delete functions may not be declared inline (compiling source file doom\p_spec.cpp)
l:\repositories\git\doom-3-bfg\neo\idlib\heap.h(61): warning C4595: 'operator new': non-member operator new or delete functions may not be declared inline (compiling source file doom\p_switch.cpp)
l:\repositories\git\doom-3-bfg\neo\idlib\heap.h(64): warning C4595: 'operator delete': non-member operator new or delete functions may not be declared inline (compiling source file doom\p_switch.cpp)
l:\repositories\git\doom-3-bfg\neo\idlib\heap.h(67): warning C4595: 'operator new[]': non-member operator new or delete functions may not be declared inline (compiling source file doom\p_switch.cpp)
l:\repositories\git\doom-3-bfg\neo\idlib\heap.h(70): warning C4595: 'operator delete[]': non-member operator new or delete functions may not be declared inline (compiling source file doom\p_switch.cpp)
l:\repositories\git\doom-3-bfg\doomclassic\doom\p_pspr.cpp(586): warning C4146: unary minus operator applied to unsigned type, result still unsigned
l:\repositories\git\doom-3-bfg\neo\idlib\heap.h(61): warning C4595: 'operator new': non-member operator new or delete functions may not be declared inline (compiling source file doom\p_telept.cpp)
l:\repositories\git\doom-3-bfg\neo\idlib\heap.h(64): warning C4595: 'operator delete': non-member operator new or delete functions may not be declared inline (compiling source file doom\p_telept.cpp)
l:\repositories\git\doom-3-bfg\neo\idlib\heap.h(67): warning C4595: 'operator new[]': non-member operator new or delete functions may not be declared inline (compiling source file doom\p_telept.cpp)
l:\repositories\git\doom-3-bfg\neo\idlib\heap.h(70): warning C4595: 'operator delete[]': non-member operator new or delete functions may not be declared inline (compiling source file doom\p_telept.cpp)
  p_user.cpp
c:\program files (x86)\microsoft visual studio 14.0\vc\include\codeanalysis\sourceannotations.h(68): warning C4467: usage of ATL attributes is deprecated (compiling source file doom\p_user.cpp)
l:\repositories\git\doom-3-bfg\neo\idlib\heap.h(61): warning C4595: 'operator new': non-member operator new or delete functions may not be declared inline (compiling source file doom\p_tick.cpp)
l:\repositories\git\doom-3-bfg\neo\idlib\heap.h(64): warning C4595: 'operator delete': non-member operator new or delete functions may not be declared inline (compiling source file doom\p_tick.cpp)
l:\repositories\git\doom-3-bfg\neo\idlib\heap.h(67): warning C4595: 'operator new[]': non-member operator new or delete functions may not be declared inline (compiling source file doom\p_tick.cpp)
l:\repositories\git\doom-3-bfg\neo\idlib\heap.h(70): warning C4595: 'operator delete[]': non-member operator new or delete functions may not be declared inline (compiling source file doom\p_tick.cpp)
  r_bsp.cpp
c:\program files (x86)\microsoft visual studio 14.0\vc\include\codeanalysis\sourceannotations.h(68): warning C4467: usage of ATL attributes is deprecated (compiling source file doom\r_bsp.cpp)
l:\repositories\git\doom-3-bfg\neo\idlib\heap.h(61): warning C4595: 'operator new': non-member operator new or delete functions may not be declared inline (compiling source file doom\p_user.cpp)
l:\repositories\git\doom-3-bfg\neo\idlib\heap.h(64): warning C4595: 'operator delete': non-member operator new or delete functions may not be declared inline (compiling source file doom\p_user.cpp)
l:\repositories\git\doom-3-bfg\neo\idlib\heap.h(67): warning C4595: 'operator new[]': non-member operator new or delete functions may not be declared inline (compiling source file doom\p_user.cpp)
l:\repositories\git\doom-3-bfg\neo\idlib\heap.h(70): warning C4595: 'operator delete[]': non-member operator new or delete functions may not be declared inline (compiling source file doom\p_user.cpp)
  r_data.cpp
c:\program files (x86)\microsoft visual studio 14.0\vc\include\codeanalysis\sourceannotations.h(68): warning C4467: usage of ATL attributes is deprecated (compiling source file doom\r_data.cpp)
  r_draw.cpp
c:\program files (x86)\microsoft visual studio 14.0\vc\include\codeanalysis\sourceannotations.h(68): warning C4467: usage of ATL attributes is deprecated (compiling source file doom\r_draw.cpp)
l:\repositories\git\doom-3-bfg\neo\idlib\heap.h(61): warning C4595: 'operator new': non-member operator new or delete functions may not be declared inline (compiling source file doom\r_bsp.cpp)
l:\repositories\git\doom-3-bfg\neo\idlib\heap.h(64): warning C4595: 'operator delete': non-member operator new or delete functions may not be declared inline (compiling source file doom\r_bsp.cpp)
l:\repositories\git\doom-3-bfg\neo\idlib\heap.h(67): warning C4595: 'operator new[]': non-member operator new or delete functions may not be declared inline (compiling source file doom\r_bsp.cpp)
l:\repositories\git\doom-3-bfg\neo\idlib\heap.h(70): warning C4595: 'operator delete[]': non-member operator new or delete functions may not be declared inline (compiling source file doom\r_bsp.cpp)
  r_main.cpp
  r_plane.cpp
c:\program files (x86)\microsoft visual studio 14.0\vc\include\codeanalysis\sourceannotations.h(68): warning C4467: usage of ATL attributes is deprecated (compiling source file doom\r_main.cpp)
c:\program files (x86)\microsoft visual studio 14.0\vc\include\codeanalysis\sourceannotations.h(68): warning C4467: usage of ATL attributes is deprecated (compiling source file doom\r_plane.cpp)
l:\repositories\git\doom-3-bfg\neo\idlib\heap.h(61): warning C4595: 'operator new': non-member operator new or delete functions may not be declared inline (compiling source file doom\r_data.cpp)
l:\repositories\git\doom-3-bfg\neo\idlib\heap.h(64): warning C4595: 'operator delete': non-member operator new or delete functions may not be declared inline (compiling source file doom\r_data.cpp)
l:\repositories\git\doom-3-bfg\neo\idlib\heap.h(67): warning C4595: 'operator new[]': non-member operator new or delete functions may not be declared inline (compiling source file doom\r_data.cpp)
l:\repositories\git\doom-3-bfg\neo\idlib\heap.h(70): warning C4595: 'operator delete[]': non-member operator new or delete functions may not be declared inline (compiling source file doom\r_data.cpp)
l:\repositories\git\doom-3-bfg\doomclassic\doom\p_user.cpp(210): warning C4146: unary minus operator applied to unsigned type, result still unsigned
l:\repositories\git\doom-3-bfg\neo\idlib\heap.h(61): warning C4595: 'operator new': non-member operator new or delete functions may not be declared inline (compiling source file doom\r_draw.cpp)
l:\repositories\git\doom-3-bfg\neo\idlib\heap.h(64): warning C4595: 'operator delete': non-member operator new or delete functions may not be declared inline (compiling source file doom\r_draw.cpp)
l:\repositories\git\doom-3-bfg\neo\idlib\heap.h(67): warning C4595: 'operator new[]': non-member operator new or delete functions may not be declared inline (compiling source file doom\r_draw.cpp)
l:\repositories\git\doom-3-bfg\neo\idlib\heap.h(70): warning C4595: 'operator delete[]': non-member operator new or delete functions may not be declared inline (compiling source file doom\r_draw.cpp)
  r_segs.cpp
c:\program files (x86)\microsoft visual studio 14.0\vc\include\codeanalysis\sourceannotations.h(68): warning C4467: usage of ATL attributes is deprecated (compiling source file doom\r_segs.cpp)
l:\repositories\git\doom-3-bfg\neo\idlib\heap.h(61): warning C4595: 'operator new': non-member operator new or delete functions may not be declared inline (compiling source file doom\r_plane.cpp)
l:\repositories\git\doom-3-bfg\neo\idlib\heap.h(61): warning C4595: 'operator new': non-member operator new or delete functions may not be declared inline (compiling source file doom\r_main.cpp)
l:\repositories\git\doom-3-bfg\neo\idlib\heap.h(64): warning C4595: 'operator delete': non-member operator new or delete functions may not be declared inline (compiling source file doom\r_plane.cpp)
l:\repositories\git\doom-3-bfg\neo\idlib\heap.h(64): warning C4595: 'operator delete': non-member operator new or delete functions may not be declared inline (compiling source file doom\r_main.cpp)
l:\repositories\git\doom-3-bfg\neo\idlib\heap.h(67): warning C4595: 'operator new[]': non-member operator new or delete functions may not be declared inline (compiling source file doom\r_plane.cpp)
l:\repositories\git\doom-3-bfg\neo\idlib\heap.h(67): warning C4595: 'operator new[]': non-member operator new or delete functions may not be declared inline (compiling source file doom\r_main.cpp)
l:\repositories\git\doom-3-bfg\neo\idlib\heap.h(70): warning C4595: 'operator delete[]': non-member operator new or delete functions may not be declared inline (compiling source file doom\r_plane.cpp)
l:\repositories\git\doom-3-bfg\neo\idlib\heap.h(70): warning C4595: 'operator delete[]': non-member operator new or delete functions may not be declared inline (compiling source file doom\r_main.cpp)
  r_sky.cpp
c:\program files (x86)\microsoft visual studio 14.0\vc\include\codeanalysis\sourceannotations.h(68): warning C4467: usage of ATL attributes is deprecated (compiling source file doom\r_sky.cpp)
l:\repositories\git\doom-3-bfg\doomclassic\doom\r_bsp.cpp(295): warning C4146: unary minus operator applied to unsigned type, result still unsigned
l:\repositories\git\doom-3-bfg\doomclassic\doom\r_bsp.cpp(435): warning C4146: unary minus operator applied to unsigned type, result still unsigned
  r_things.cpp
c:\program files (x86)\microsoft visual studio 14.0\vc\include\codeanalysis\sourceannotations.h(68): warning C4467: usage of ATL attributes is deprecated (compiling source file doom\r_things.cpp)
l:\repositories\git\doom-3-bfg\neo\idlib\heap.h(61): warning C4595: 'operator new': non-member operator new or delete functions may not be declared inline (compiling source file doom\r_segs.cpp)
l:\repositories\git\doom-3-bfg\neo\idlib\heap.h(64): warning C4595: 'operator delete': non-member operator new or delete functions may not be declared inline (compiling source file doom\r_segs.cpp)
l:\repositories\git\doom-3-bfg\neo\idlib\heap.h(67): warning C4595: 'operator new[]': non-member operator new or delete functions may not be declared inline (compiling source file doom\r_segs.cpp)
l:\repositories\git\doom-3-bfg\neo\idlib\heap.h(70): warning C4595: 'operator delete[]': non-member operator new or delete functions may not be declared inline (compiling source file doom\r_segs.cpp)
l:\repositories\git\doom-3-bfg\neo\idlib\heap.h(61): warning C4595: 'operator new': non-member operator new or delete functions may not be declared inline (compiling source file doom\r_sky.cpp)
l:\repositories\git\doom-3-bfg\neo\idlib\heap.h(64): warning C4595: 'operator delete': non-member operator new or delete functions may not be declared inline (compiling source file doom\r_sky.cpp)
l:\repositories\git\doom-3-bfg\neo\idlib\heap.h(67): warning C4595: 'operator new[]': non-member operator new or delete functions may not be declared inline (compiling source file doom\r_sky.cpp)
l:\repositories\git\doom-3-bfg\neo\idlib\heap.h(70): warning C4595: 'operator delete[]': non-member operator new or delete functions may not be declared inline (compiling source file doom\r_sky.cpp)
  sounds.cpp
c:\program files (x86)\microsoft visual studio 14.0\vc\include\codeanalysis\sourceannotations.h(68): warning C4467: usage of ATL attributes is deprecated (compiling source file doom\sounds.cpp)
l:\repositories\git\doom-3-bfg\doomclassic\doom\r_main.cpp(315): warning C4146: unary minus operator applied to unsigned type, result still unsigned
l:\repositories\git\doom-3-bfg\neo\idlib\heap.h(61): warning C4595: 'operator new': non-member operator new or delete functions may not be declared inline (compiling source file doom\r_things.cpp)
l:\repositories\git\doom-3-bfg\neo\idlib\heap.h(64): warning C4595: 'operator delete': non-member operator new or delete functions may not be declared inline (compiling source file doom\r_things.cpp)
l:\repositories\git\doom-3-bfg\neo\idlib\heap.h(67): warning C4595: 'operator new[]': non-member operator new or delete functions may not be declared inline (compiling source file doom\r_things.cpp)
l:\repositories\git\doom-3-bfg\neo\idlib\heap.h(70): warning C4595: 'operator delete[]': non-member operator new or delete functions may not be declared inline (compiling source file doom\r_things.cpp)
  st_lib.cpp
c:\program files (x86)\microsoft visual studio 14.0\vc\include\codeanalysis\sourceannotations.h(68): warning C4467: usage of ATL attributes is deprecated (compiling source file doom\st_lib.cpp)
  st_stuff.cpp
c:\program files (x86)\microsoft visual studio 14.0\vc\include\codeanalysis\sourceannotations.h(68): warning C4467: usage of ATL attributes is deprecated (compiling source file doom\st_stuff.cpp)
l:\repositories\git\doom-3-bfg\neo\idlib\heap.h(61): warning C4595: 'operator new': non-member operator new or delete functions may not be declared inline (compiling source file doom\sounds.cpp)
l:\repositories\git\doom-3-bfg\neo\idlib\heap.h(64): warning C4595: 'operator delete': non-member operator new or delete functions may not be declared inline (compiling source file doom\sounds.cpp)
l:\repositories\git\doom-3-bfg\neo\idlib\heap.h(67): warning C4595: 'operator new[]': non-member operator new or delete functions may not be declared inline (compiling source file doom\sounds.cpp)
l:\repositories\git\doom-3-bfg\neo\idlib\heap.h(70): warning C4595: 'operator delete[]': non-member operator new or delete functions may not be declared inline (compiling source file doom\sounds.cpp)
l:\repositories\git\doom-3-bfg\doomclassic\doom\r_segs.cpp(595): warning C4146: unary minus operator applied to unsigned type, result still unsigned
  s_sound.cpp
  tables.cpp
c:\program files (x86)\microsoft visual studio 14.0\vc\include\codeanalysis\sourceannotations.h(68): warning C4467: usage of ATL attributes is deprecated (compiling source file doom\s_sound.cpp)
c:\program files (x86)\microsoft visual studio 14.0\vc\include\codeanalysis\sourceannotations.h(68): warning C4467: usage of ATL attributes is deprecated (compiling source file doom\tables.cpp)
l:\repositories\git\doom-3-bfg\neo\idlib\heap.h(61): warning C4595: 'operator new': non-member operator new or delete functions may not be declared inline (compiling source file doom\st_lib.cpp)
l:\repositories\git\doom-3-bfg\neo\idlib\heap.h(64): warning C4595: 'operator delete': non-member operator new or delete functions may not be declared inline (compiling source file doom\st_lib.cpp)
l:\repositories\git\doom-3-bfg\neo\idlib\heap.h(67): warning C4595: 'operator new[]': non-member operator new or delete functions may not be declared inline (compiling source file doom\st_lib.cpp)
l:\repositories\git\doom-3-bfg\neo\idlib\heap.h(70): warning C4595: 'operator delete[]': non-member operator new or delete functions may not be declared inline (compiling source file doom\st_lib.cpp)
l:\repositories\git\doom-3-bfg\neo\idlib\heap.h(61): warning C4595: 'operator new': non-member operator new or delete functions may not be declared inline (compiling source file doom\st_stuff.cpp)
l:\repositories\git\doom-3-bfg\neo\idlib\heap.h(64): warning C4595: 'operator delete': non-member operator new or delete functions may not be declared inline (compiling source file doom\st_stuff.cpp)
l:\repositories\git\doom-3-bfg\neo\idlib\heap.h(67): warning C4595: 'operator new[]': non-member operator new or delete functions may not be declared inline (compiling source file doom\st_stuff.cpp)
l:\repositories\git\doom-3-bfg\neo\idlib\heap.h(70): warning C4595: 'operator delete[]': non-member operator new or delete functions may not be declared inline (compiling source file doom\st_stuff.cpp)
  v_video.cpp
l:\repositories\git\doom-3-bfg\neo\idlib\heap.h(61): warning C4595: 'operator new': non-member operator new or delete functions may not be declared inline (compiling source file doom\s_sound.cpp)
l:\repositories\git\doom-3-bfg\neo\idlib\heap.h(64): warning C4595: 'operator delete': non-member operator new or delete functions may not be declared inline (compiling source file doom\s_sound.cpp)
l:\repositories\git\doom-3-bfg\neo\idlib\heap.h(67): warning C4595: 'operator new[]': non-member operator new or delete functions may not be declared inline (compiling source file doom\s_sound.cpp)
l:\repositories\git\doom-3-bfg\neo\idlib\heap.h(70): warning C4595: 'operator delete[]': non-member operator new or delete functions may not be declared inline (compiling source file doom\s_sound.cpp)
c:\program files (x86)\microsoft visual studio 14.0\vc\include\codeanalysis\sourceannotations.h(68): warning C4467: usage of ATL attributes is deprecated (compiling source file doom\v_video.cpp)
l:\repositories\git\doom-3-bfg\neo\idlib\heap.h(61): warning C4595: 'operator new': non-member operator new or delete functions may not be declared inline (compiling source file doom\tables.cpp)
l:\repositories\git\doom-3-bfg\neo\idlib\heap.h(64): warning C4595: 'operator delete': non-member operator new or delete functions may not be declared inline (compiling source file doom\tables.cpp)
l:\repositories\git\doom-3-bfg\neo\idlib\heap.h(67): warning C4595: 'operator new[]': non-member operator new or delete functions may not be declared inline (compiling source file doom\tables.cpp)
l:\repositories\git\doom-3-bfg\neo\idlib\heap.h(70): warning C4595: 'operator delete[]': non-member operator new or delete functions may not be declared inline (compiling source file doom\tables.cpp)
  wi_stuff.cpp
c:\program files (x86)\microsoft visual studio 14.0\vc\include\codeanalysis\sourceannotations.h(68): warning C4467: usage of ATL attributes is deprecated (compiling source file doom\wi_stuff.cpp)
  w_wad.cpp
c:\program files (x86)\microsoft visual studio 14.0\vc\include\codeanalysis\sourceannotations.h(68): warning C4467: usage of ATL attributes is deprecated (compiling source file doom\w_wad.cpp)
l:\repositories\git\doom-3-bfg\neo\idlib\heap.h(61): warning C4595: 'operator new': non-member operator new or delete functions may not be declared inline (compiling source file doom\v_video.cpp)
l:\repositories\git\doom-3-bfg\neo\idlib\heap.h(64): warning C4595: 'operator delete': non-member operator new or delete functions may not be declared inline (compiling source file doom\v_video.cpp)
l:\repositories\git\doom-3-bfg\neo\idlib\heap.h(67): warning C4595: 'operator new[]': non-member operator new or delete functions may not be declared inline (compiling source file doom\v_video.cpp)
l:\repositories\git\doom-3-bfg\neo\idlib\heap.h(70): warning C4595: 'operator delete[]': non-member operator new or delete functions may not be declared inline (compiling source file doom\v_video.cpp)
l:\repositories\git\doom-3-bfg\neo\idlib\heap.h(61): warning C4595: 'operator new': non-member operator new or delete functions may not be declared inline (compiling source file doom\wi_stuff.cpp)
l:\repositories\git\doom-3-bfg\neo\idlib\heap.h(64): warning C4595: 'operator delete': non-member operator new or delete functions may not be declared inline (compiling source file doom\wi_stuff.cpp)
l:\repositories\git\doom-3-bfg\neo\idlib\heap.h(67): warning C4595: 'operator new[]': non-member operator new or delete functions may not be declared inline (compiling source file doom\wi_stuff.cpp)
l:\repositories\git\doom-3-bfg\neo\idlib\heap.h(70): warning C4595: 'operator delete[]': non-member operator new or delete functions may not be declared inline (compiling source file doom\wi_stuff.cpp)
  z_zone.cpp
c:\program files (x86)\microsoft visual studio 14.0\vc\include\codeanalysis\sourceannotations.h(68): warning C4467: usage of ATL attributes is deprecated (compiling source file doom\z_zone.cpp)
l:\repositories\git\doom-3-bfg\neo\idlib\heap.h(61): warning C4595: 'operator new': non-member operator new or delete functions may not be declared inline (compiling source file doom\w_wad.cpp)
l:\repositories\git\doom-3-bfg\neo\idlib\heap.h(64): warning C4595: 'operator delete': non-member operator new or delete functions may not be declared inline (compiling source file doom\w_wad.cpp)
l:\repositories\git\doom-3-bfg\neo\idlib\heap.h(67): warning C4595: 'operator new[]': non-member operator new or delete functions may not be declared inline (compiling source file doom\w_wad.cpp)
l:\repositories\git\doom-3-bfg\neo\idlib\heap.h(70): warning C4595: 'operator delete[]': non-member operator new or delete functions may not be declared inline (compiling source file doom\w_wad.cpp)
l:\repositories\git\doom-3-bfg\neo\idlib\heap.h(61): warning C4595: 'operator new': non-member operator new or delete functions may not be declared inline (compiling source file doom\z_zone.cpp)
l:\repositories\git\doom-3-bfg\neo\idlib\heap.h(64): warning C4595: 'operator delete': non-member operator new or delete functions may not be declared inline (compiling source file doom\z_zone.cpp)
l:\repositories\git\doom-3-bfg\neo\idlib\heap.h(67): warning C4595: 'operator new[]': non-member operator new or delete functions may not be declared inline (compiling source file doom\z_zone.cpp)
l:\repositories\git\doom-3-bfg\neo\idlib\heap.h(70): warning C4595: 'operator delete[]': non-member operator new or delete functions may not be declared inline (compiling source file doom\z_zone.cpp)
