l:\repositories\git\doom-3-bfg\build\win32\debug\intermediate\doomclassic\f_finale.obj
l:\repositories\git\doom-3-bfg\build\win32\debug\intermediate\doomclassic\i_net_win32.obj
l:\repositories\git\doom-3-bfg\build\win32\debug\intermediate\doomclassic\m_fixed.obj
l:\repositories\git\doom-3-bfg\build\win32\debug\intermediate\doomclassic\p_inter.obj
l:\repositories\git\doom-3-bfg\build\win32\debug\intermediate\doomclassic\p_setup.obj
l:\repositories\git\doom-3-bfg\build\win32\debug\intermediate\doomclassic\r_data.obj
l:\repositories\git\doom-3-bfg\build\win32\debug\intermediate\doomclassic\st_stuff.obj
l:\repositories\git\doom-3-bfg\build\win32\debug\intermediate\doomclassic\doomlib.obj
l:\repositories\git\doom-3-bfg\build\win32\debug\intermediate\doomclassic\g_game.obj
l:\repositories\git\doom-3-bfg\build\win32\debug\intermediate\doomclassic\m_bbox.obj
l:\repositories\git\doom-3-bfg\build\win32\debug\intermediate\doomclassic\p_enemy.obj
l:\repositories\git\doom-3-bfg\build\win32\debug\intermediate\doomclassic\p_pspr.obj
l:\repositories\git\doom-3-bfg\build\win32\debug\intermediate\doomclassic\r_bsp.obj
l:\repositories\git\doom-3-bfg\build\win32\debug\intermediate\doomclassic\sounds.obj
l:\repositories\git\doom-3-bfg\build\win32\debug\intermediate\doomclassic\z_zone.obj
l:\repositories\git\doom-3-bfg\build\win32\debug\intermediate\doomclassic\doominterface.obj
l:\repositories\git\doom-3-bfg\build\win32\debug\intermediate\doomclassic\hu_lib.obj
l:\repositories\git\doom-3-bfg\build\win32\debug\intermediate\doomclassic\i_video_ps3.obj
l:\repositories\git\doom-3-bfg\build\win32\debug\intermediate\doomclassic\m_random.obj
l:\repositories\git\doom-3-bfg\build\win32\debug\intermediate\doomclassic\p_lights.obj
l:\repositories\git\doom-3-bfg\build\win32\debug\intermediate\doomclassic\p_sight.obj
l:\repositories\git\doom-3-bfg\build\win32\debug\intermediate\doomclassic\r_draw.obj
l:\repositories\git\doom-3-bfg\build\win32\debug\intermediate\doomclassic\st_lib.obj
l:\repositories\git\doom-3-bfg\build\win32\debug\intermediate\doomclassic\d_net.obj
l:\repositories\git\doom-3-bfg\build\win32\debug\intermediate\doomclassic\i_input.obj
l:\repositories\git\doom-3-bfg\build\win32\debug\intermediate\doomclassic\m_cheat.obj
l:\repositories\git\doom-3-bfg\build\win32\debug\intermediate\doomclassic\p_floor.obj
l:\repositories\git\doom-3-bfg\build\win32\debug\intermediate\doomclassic\p_saveg.obj
l:\repositories\git\doom-3-bfg\build\win32\debug\intermediate\doomclassic\p_user.obj
l:\repositories\git\doom-3-bfg\build\win32\debug\intermediate\doomclassic\r_things.obj
l:\repositories\git\doom-3-bfg\build\win32\debug\intermediate\doomclassic\w_wad.obj
l:\repositories\git\doom-3-bfg\build\win32\debug\intermediate\doomclassic\dstrings.obj
l:\repositories\git\doom-3-bfg\build\win32\debug\intermediate\doomclassic\f_wipe.obj
l:\repositories\git\doom-3-bfg\build\win32\debug\intermediate\doomclassic\m_menu.obj
l:\repositories\git\doom-3-bfg\build\win32\debug\intermediate\doomclassic\p_mobj.obj
l:\repositories\git\doom-3-bfg\build\win32\debug\intermediate\doomclassic\p_telept.obj
l:\repositories\git\doom-3-bfg\build\win32\debug\intermediate\doomclassic\r_plane.obj
l:\repositories\git\doom-3-bfg\build\win32\debug\intermediate\doomclassic\tables.obj
l:\repositories\git\doom-3-bfg\build\win32\debug\intermediate\doomclassic\am_map.obj
l:\repositories\git\doom-3-bfg\build\win32\debug\intermediate\doomclassic\info.obj
l:\repositories\git\doom-3-bfg\build\win32\debug\intermediate\doomclassic\mus2midi.obj
l:\repositories\git\doom-3-bfg\build\win32\debug\intermediate\doomclassic\p_ceilng.obj
l:\repositories\git\doom-3-bfg\build\win32\debug\intermediate\doomclassic\p_map.obj
l:\repositories\git\doom-3-bfg\build\win32\debug\intermediate\doomclassic\p_spec.obj
l:\repositories\git\doom-3-bfg\build\win32\debug\intermediate\doomclassic\r_sky.obj
l:\repositories\git\doom-3-bfg\build\win32\debug\intermediate\doomclassic\wi_stuff.obj
l:\repositories\git\doom-3-bfg\build\win32\debug\intermediate\doomclassic\hu_stuff.obj
l:\repositories\git\doom-3-bfg\build\win32\debug\intermediate\doomclassic\m_argv.obj
l:\repositories\git\doom-3-bfg\build\win32\debug\intermediate\doomclassic\p_doors.obj
l:\repositories\git\doom-3-bfg\build\win32\debug\intermediate\doomclassic\p_maputl.obj
l:\repositories\git\doom-3-bfg\build\win32\debug\intermediate\doomclassic\p_switch.obj
l:\repositories\git\doom-3-bfg\build\win32\debug\intermediate\doomclassic\r_main.obj
l:\repositories\git\doom-3-bfg\build\win32\debug\intermediate\doomclassic\s_sound.obj
l:\repositories\git\doom-3-bfg\build\win32\debug\intermediate\doomclassic\d_items.obj
l:\repositories\git\doom-3-bfg\build\win32\debug\intermediate\doomclassic\globaldata.obj
l:\repositories\git\doom-3-bfg\build\win32\debug\intermediate\doomclassic\i_system.obj
l:\repositories\git\doom-3-bfg\build\win32\debug\intermediate\doomclassic\m_misc.obj
l:\repositories\git\doom-3-bfg\build\win32\debug\intermediate\doomclassic\p_plats.obj
l:\repositories\git\doom-3-bfg\build\win32\debug\intermediate\doomclassic\p_tick.obj
l:\repositories\git\doom-3-bfg\build\win32\debug\intermediate\doomclassic\r_segs.obj
l:\repositories\git\doom-3-bfg\build\win32\debug\intermediate\doomclassic\v_video.obj
l:\repositories\git\doom-3-bfg\build\win32\debug\intermediate\doomclassic\doomclassic.idb
l:\repositories\git\doom-3-bfg\build\win32\debug\intermediate\doomclassic\doomclassic.pdb
l:\repositories\git\doom-3-bfg\build\win32\debug\intermediate\doomclassic\doomclassic.tlog\cl.command.1.tlog
l:\repositories\git\doom-3-bfg\build\win32\debug\intermediate\doomclassic\doomclassic.tlog\cl.read.1.tlog
l:\repositories\git\doom-3-bfg\build\win32\debug\intermediate\doomclassic\doomclassic.tlog\cl.write.1.tlog
